<?xml version="1.0" encoding="UTF-8"?>
<testsuite name="com.bmcl.refactoring.example1.OrderTest" tests="2" skipped="0" failures="0" errors="0" timestamp="2024-11-05T22:31:07" hostname="MOBLEIDT" time="0.025">
  <properties/>
  <testcase name="printOrder()" classname="com.bmcl.refactoring.example1.OrderTest" time="0.022"/>
  <testcase name="isElegibleForFreeDelivery()" classname="com.bmcl.refactoring.example1.OrderTest" time="0.002"/>
  <system-out><![CDATA[]]></system-out>
  <system-err><![CDATA[]]></system-err>
</testsuite>
