<?xml version="1.0" encoding="UTF-8"?>
<testsuite name="com.bmcl.refactoring.example6.TreeTest" tests="6" skipped="0" failures="0" errors="0" timestamp="2024-11-05T22:52:12" hostname="MOBLEIDT" time="0.052">
  <properties/>
  <testcase name="testTreeSetLocation()" classname="com.bmcl.refactoring.example6.TreeTest" time="0.027"/>
  <testcase name="testToString()" classname="com.bmcl.refactoring.example6.TreeTest" time="0.011"/>
  <testcase name="testAddAppraisal()" classname="com.bmcl.refactoring.example6.TreeTest" time="0.003"/>
  <testcase name="testNextAppraisalNotOverdue()" classname="com.bmcl.refactoring.example6.TreeTest" time="0.003"/>
  <testcase name="testTreeCreation()" classname="com.bmcl.refactoring.example6.TreeTest" time="0.002"/>
  <testcase name="testNextAppraisalOverdue()" classname="com.bmcl.refactoring.example6.TreeTest" time="0.002"/>
  <system-out><![CDATA[]]></system-out>
  <system-err><![CDATA[]]></system-err>
</testsuite>
