<?xml version="1.0" encoding="UTF-8"?>
<testsuite name="com.bmcl.refactoring.example3.SimpleOrderTest" tests="3" skipped="0" failures="0" errors="0" timestamp="2024-11-05T22:43:10" hostname="MOBLEIDT" time="0.029">
  <properties/>
  <testcase name="testFixedDiscount()" classname="com.bmcl.refactoring.example3.SimpleOrderTest" time="0.022"/>
  <testcase name="testPercentageDiscount()" classname="com.bmcl.refactoring.example3.SimpleOrderTest" time="0.003"/>
  <testcase name="testNoDiscount()" classname="com.bmcl.refactoring.example3.SimpleOrderTest" time="0.002"/>
  <system-out><![CDATA[]]></system-out>
  <system-err><![CDATA[]]></system-err>
</testsuite>
